SF:lib/data/data_sources/coffee_data_source.dart
DA:13,1
DA:17,2
DA:18,2
DA:19,2
DA:20,1
DA:24,1
DA:25,1
DA:26,1
LF:8
LH:8
end_of_record
SF:lib/data/models/random_coffee_image_model.dart
DA:4,3
DA:7,1
DA:8,2
LF:3
LH:3
end_of_record
SF:lib/domain/exceptions/get_random_coffee_exception.dart
DA:2,4
LF:1
LH:1
end_of_record
SF:lib/domain/use_cases/get_random_coffee_img_use_case.dart
DA:8,2
DA:11,2
DA:14,4
LF:3
LH:3
end_of_record
SF:lib/presentation/controllers/get_coffee_random_image_cubit.dart
DA:7,2
DA:9,1
DA:10,1
DA:12,2
DA:15,1
DA:16,2
DA:19,2
LF:7
LH:7
end_of_record
SF:lib/presentation/controllers/get_coffee_random_imge_cubit_state.dart
DA:4,11
DA:6,1
DA:7,1
DA:11,9
DA:15,10
DA:20,3
DA:22,1
DA:23,2
DA:28,2
DA:30,1
DA:31,2
LF:11
LH:11
end_of_record
SF:lib/data/repositories/coffee_repository_impl.dart
DA:7,1
DA:14,1
DA:17,2
DA:19,2
DA:20,1
DA:23,1
LF:6
LH:6
end_of_record
SF:lib/domain/mappers/coffee_mappers/coffee_mapper.dart
DA:10,2
DA:12,4
LF:2
LH:2
end_of_record
SF:lib/domain/entities/random_coffee_image_entity.dart
DA:6,2
LF:1
LH:1
end_of_record
SF:lib/presentation/screens/random_image_screen.dart
DA:7,1
DA:9,1
DA:11,1
DA:12,1
DA:13,1
DA:17,1
DA:18,1
DA:19,1
DA:22,1
DA:24,1
DA:25,1
DA:27,1
DA:30,3
DA:31,1
DA:36,1
DA:38,0
DA:40,0
DA:41,0
LF:18
LH:15
end_of_record
